<?xml version="1.0" encoding="UTF-8"?>
<!-- Generated by org.testng.reporters.JUnitReportReporter -->
<testsuite hostname="ShivRaj" failures="0" tests="3" name="TestRunner.RunnerTest" time="70.220" errors="0" timestamp="2024-07-18T18:04:11 IST" skipped="0">
  <testcase classname="TestRunner.RunnerTest" name="runScenario" time="20.130"/>
  <system-out/>
  <testcase classname="TestRunner.RunnerTest" name="runScenario" time="41.337"/>
  <system-out/>
  <testcase classname="TestRunner.RunnerTest" name="runScenario" time="8.753"/>
  <system-out/>
</testsuite> <!-- TestRunner.RunnerTest -->
