<?xml version="1.0" encoding="UTF-8"?>
<!-- Generated by org.testng.reporters.JUnitReportReporter -->
<testsuite hostname="ShivRaj" failures="0" tests="3" name="TestRunner.RunnerTest" time="55.973" errors="0" timestamp="2024-07-18T18:17:00 IST" skipped="0">
  <testcase classname="TestRunner.RunnerTest" name="runScenario" time="27.648"/>
  <system-out/>
  <testcase classname="TestRunner.RunnerTest" name="runScenario" time="19.801"/>
  <system-out/>
  <testcase classname="TestRunner.RunnerTest" name="runScenario" time="8.524"/>
  <system-out/>
</testsuite> <!-- TestRunner.RunnerTest -->
